2025-08-25 19:31:09,223 - Configuration_System - WARNING - amp_opt_level appears to target NVIDIA Apex; if using torch.cuda.amp, prefer configuring amp_dtype and ignore amp_opt_level
2025-08-25 19:31:09,223 - Configuration_System - WARNING - CUDA device specified but not available
2025-08-25 19:31:58,475 - Configuration_System - WARNING - amp_opt_level appears to target NVIDIA Apex; if using torch.cuda.amp, prefer configuring amp_dtype and ignore amp_opt_level
2025-08-25 19:31:58,476 - Configuration_System - WARNING - CUDA device specified but not available
2025-08-25 19:31:58,476 - __main__ - INFO - Configuration is valid.
2025-08-26 20:03:54,332 - training_utils - INFO - Training seed: 42 (user-specified)
2025-08-26 20:03:54,461 - __main__ - INFO - Log directory: logs
2025-08-26 20:03:54,483 - __main__ - INFO - Using active data path: /mnt/raid0/Danbroo/shard_00022
2025-08-26 20:03:54,690 - orientation_handler - INFO - Loaded orientation mappings: 106 explicit, 6 regex patterns, 73 symmetric, 16 skip tags
2025-08-26 20:03:54,692 - HDF5_loader - INFO - HDF5_loader received active data path: /mnt/raid0/Danbroo/shard_00022
2025-08-26 20:06:18,596 - training_utils - INFO - Training seed: 42 (user-specified)
2025-08-26 20:06:18,600 - __main__ - WARNING - PyTorch anomaly detection is enabled. This will slow down training.
2025-08-26 20:06:18,601 - __main__ - INFO - Log directory: logs
2025-08-26 20:06:18,604 - __main__ - INFO - Using active data path: dummy_data
2025-08-26 20:06:18,606 - orientation_handler - INFO - Loaded orientation mappings: 106 explicit, 6 regex patterns, 73 symmetric, 16 skip tags
2025-08-26 20:06:18,607 - HDF5_loader - INFO - HDF5_loader received active data path: dummy_data
2025-08-26 20:06:18,610 - vocabulary - INFO - Building vocabulary from 1 annotation files
2025-08-26 20:06:18,610 - vocabulary - INFO - Vocabulary built with 4 tags (incl. special tokens)
2025-08-26 20:06:18,611 - vocabulary - INFO - Saved vocabulary to vocabulary.json
2025-08-26 20:06:18,611 - orientation_handler - INFO - Loaded orientation mappings: 106 explicit, 6 regex patterns, 73 symmetric, 16 skip tags
2025-08-26 20:06:18,612 - orientation_handler - INFO - Pre-computed 0 orientation mappings from vocabulary of 4 tags
2025-08-26 20:06:18,613 - HDF5_loader - INFO - Max retry attempts set to 8 for 0 samples
2025-08-26 20:06:18,619 - HDF5_loader - INFO - Validation index initialized at validation/index.sqlite
2025-08-26 20:06:18,619 - HDF5_loader - INFO - Dataset initialised with 0 total samples, 0 effective samples for split 'train'
2025-08-26 20:06:18,619 - HDF5_loader - INFO - Max retry attempts set to 8 for 0 samples
2025-08-26 20:06:18,620 - HDF5_loader - INFO - Dataset initialised with 1 total samples, 1 effective samples for split 'val'
2025-08-26 20:39:18,547 - training_utils - INFO - Training seed: 42 (user-specified)
2025-08-26 20:39:18,566 - __main__ - WARNING - PyTorch anomaly detection is enabled. This will slow down training.
2025-08-26 20:39:18,568 - __main__ - INFO - Log directory: logs
2025-08-26 20:39:18,595 - __main__ - INFO - Using active data path: dummy_data
2025-08-26 20:39:18,601 - orientation_handler - INFO - Loaded orientation mappings: 106 explicit, 6 regex patterns, 73 symmetric, 16 skip tags
2025-08-26 20:39:18,608 - HDF5_loader - INFO - HDF5_loader received active data path: dummy_data
2025-08-26 20:39:18,615 - vocabulary - INFO - Loaded vocabulary with 4 tags from vocabulary.json
2025-08-26 20:39:18,618 - orientation_handler - INFO - Loaded orientation mappings: 106 explicit, 6 regex patterns, 73 symmetric, 16 skip tags
2025-08-26 20:39:18,619 - orientation_handler - INFO - Pre-computed 0 orientation mappings from vocabulary of 4 tags
2025-08-26 20:39:18,623 - HDF5_loader - INFO - Max retry attempts set to 8 for 0 samples
2025-08-26 20:39:18,631 - HDF5_loader - INFO - Validation index initialized at validation/index.sqlite
2025-08-26 20:39:18,632 - HDF5_loader - INFO - Dataset initialised with 0 total samples, 0 effective samples for split 'train'
2025-08-26 20:39:18,634 - HDF5_loader - INFO - Max retry attempts set to 8 for 0 samples
2025-08-26 20:39:18,636 - HDF5_loader - INFO - Dataset initialised with 1 total samples, 1 effective samples for split 'val'
2025-08-26 20:40:17,659 - training_utils - INFO - Training seed: 42 (user-specified)
2025-08-26 20:40:17,666 - __main__ - WARNING - PyTorch anomaly detection is enabled. This will slow down training.
2025-08-26 20:40:17,667 - __main__ - INFO - Log directory: logs
2025-08-26 20:40:17,673 - __main__ - INFO - Using active data path: dummy_data
2025-08-26 20:40:17,764 - orientation_handler - INFO - Loaded orientation mappings: 106 explicit, 6 regex patterns, 73 symmetric, 16 skip tags
2025-08-26 20:40:17,766 - HDF5_loader - INFO - HDF5_loader received active data path: dummy_data
2025-08-26 20:40:17,912 - vocabulary - INFO - Loaded vocabulary with 4 tags from vocabulary.json
2025-08-26 20:40:17,913 - orientation_handler - INFO - Loaded orientation mappings: 106 explicit, 6 regex patterns, 73 symmetric, 16 skip tags
2025-08-26 20:40:17,914 - orientation_handler - INFO - Pre-computed 0 orientation mappings from vocabulary of 4 tags
2025-08-26 20:40:17,917 - HDF5_loader - INFO - Max retry attempts set to 8 for 0 samples
2025-08-26 20:40:17,979 - HDF5_loader - INFO - Validation index initialized at validation/index.sqlite
2025-08-26 20:40:17,980 - HDF5_loader - INFO - Dataset initialised with 9 total samples, 9 effective samples for split 'train'
2025-08-26 20:40:17,981 - HDF5_loader - INFO - Max retry attempts set to 8 for 0 samples
2025-08-26 20:40:17,982 - HDF5_loader - INFO - Dataset initialised with 1 total samples, 1 effective samples for split 'val'
2025-08-26 20:40:18,118 - __main__ - INFO - Starting pre-training input validation...
2025-08-26 20:40:18,119 - HDF5_loader - INFO - Performing pre-training validation for 10 batches...
